[2017-04-10 16:26:56,227] [INFO] basehttp : "GET / HTTP/1.1" 200 1471
[2017-04-10 16:26:56,227] [INFO] basehttp : "GET / HTTP/1.1" 200 1471
[2017-04-10 16:26:56,403] [WARNING] basehttp : "GET /favicon.ico HTTP/1.1" 404 3478
[2017-04-10 16:26:56,403] [WARNING] basehttp : "GET /favicon.ico HTTP/1.1" 404 3478
[2017-04-10 16:27:19,726] [INFO] basehttp : "GET /?username=111 HTTP/1.1" 200 1471
[2017-04-10 16:27:19,726] [INFO] basehttp : "GET /?username=111 HTTP/1.1" 200 1471
[2017-04-10 16:27:29,089] [INFO] basehttp : "POST /login_action/ HTTP/1.1" 302 0
[2017-04-10 16:27:29,089] [INFO] basehttp : "POST /login_action/ HTTP/1.1" 302 0
[2017-04-10 16:27:29,139] [INFO] basehttp : "GET /event_manage/ HTTP/1.1" 200 6491
[2017-04-10 16:27:29,139] [INFO] basehttp : "GET /event_manage/ HTTP/1.1" 200 6491
[2017-10-10 13:57:38,148] [INFO] basehttp : "GET / HTTP/1.1" 200 1471
[2017-10-10 13:57:38,148] [INFO] basehttp : "GET / HTTP/1.1" 200 1471
[2017-10-10 13:57:38,787] [WARNING] basehttp : "GET /favicon.ico HTTP/1.1" 404 3478
[2017-10-10 13:57:38,787] [WARNING] basehttp : "GET /favicon.ico HTTP/1.1" 404 3478
[2017-10-10 13:59:58,743] [INFO] basehttp : "POST /login_action/ HTTP/1.1" 200 1498
[2017-10-10 13:59:58,743] [INFO] basehttp : "POST /login_action/ HTTP/1.1" 200 1498
[2017-10-10 14:00:07,667] [INFO] basehttp : "POST /login_action/ HTTP/1.1" 200 1498
[2017-10-10 14:00:07,667] [INFO] basehttp : "POST /login_action/ HTTP/1.1" 200 1498
[2017-10-10 14:00:13,001] [INFO] basehttp : "GET /admin HTTP/1.1" 301 0
[2017-10-10 14:00:13,001] [INFO] basehttp : "GET /admin HTTP/1.1" 301 0
[2017-10-10 14:00:13,021] [INFO] basehttp : "GET /admin/ HTTP/1.1" 302 0
[2017-10-10 14:00:13,021] [INFO] basehttp : "GET /admin/ HTTP/1.1" 302 0
[2017-10-10 14:00:13,051] [INFO] basehttp : "GET /admin/login/?next=/admin/ HTTP/1.1" 200 1657
[2017-10-10 14:00:13,051] [INFO] basehttp : "GET /admin/login/?next=/admin/ HTTP/1.1" 200 1657
[2017-10-10 14:00:13,070] [INFO] basehttp : "GET /static/admin/css/login.css HTTP/1.1" 200 1203
[2017-10-10 14:00:13,070] [INFO] basehttp : "GET /static/admin/css/login.css HTTP/1.1" 200 1203
[2017-10-10 14:00:13,072] [INFO] basehttp : "GET /static/admin/css/base.css HTTP/1.1" 200 15937
[2017-10-10 14:00:13,072] [INFO] basehttp : "GET /static/admin/css/base.css HTTP/1.1" 200 15937
[2017-10-10 14:00:13,084] [INFO] basehttp : "GET /static/admin/css/fonts.css HTTP/1.1" 200 423
[2017-10-10 14:00:13,084] [INFO] basehttp : "GET /static/admin/css/fonts.css HTTP/1.1" 200 423
[2017-10-10 14:00:13,096] [INFO] basehttp : "GET /static/admin/fonts/Roboto-Regular-webfont.woff HTTP/1.1" 200 80304
[2017-10-10 14:00:13,096] [INFO] basehttp : "GET /static/admin/fonts/Roboto-Regular-webfont.woff HTTP/1.1" 200 80304
[2017-10-10 14:00:13,124] [INFO] basehttp : "GET /static/admin/fonts/Roboto-Light-webfont.woff HTTP/1.1" 200 81348
[2017-10-10 14:00:13,124] [INFO] basehttp : "GET /static/admin/fonts/Roboto-Light-webfont.woff HTTP/1.1" 200 81348
[2017-10-10 14:00:23,149] [INFO] basehttp : "POST /admin/login/?next=/admin/ HTTP/1.1" 200 1818
[2017-10-10 14:00:23,149] [INFO] basehttp : "POST /admin/login/?next=/admin/ HTTP/1.1" 200 1818
[2017-10-10 14:00:23,232] [INFO] basehttp : "GET /static/admin/fonts/Roboto-Bold-webfont.woff HTTP/1.1" 200 82564
[2017-10-10 14:00:23,232] [INFO] basehttp : "GET /static/admin/fonts/Roboto-Bold-webfont.woff HTTP/1.1" 200 82564
[2017-10-10 14:00:31,860] [INFO] basehttp : "POST /admin/login/?next=/admin/ HTTP/1.1" 200 1818
[2017-10-10 14:00:31,860] [INFO] basehttp : "POST /admin/login/?next=/admin/ HTTP/1.1" 200 1818
[2017-10-10 14:02:24,504] [INFO] basehttp : "POST /admin/login/?next=/admin/ HTTP/1.1" 302 0
[2017-10-10 14:02:24,504] [INFO] basehttp : "POST /admin/login/?next=/admin/ HTTP/1.1" 302 0
[2017-10-10 14:02:24,533] [INFO] basehttp : "GET /admin/ HTTP/1.1" 200 5254
[2017-10-10 14:02:24,533] [INFO] basehttp : "GET /admin/ HTTP/1.1" 200 5254
[2017-10-10 14:02:24,546] [INFO] basehttp : "GET /static/admin/css/dashboard.css HTTP/1.1" 200 434
[2017-10-10 14:02:24,546] [INFO] basehttp : "GET /static/admin/css/dashboard.css HTTP/1.1" 200 434
[2017-10-10 14:02:24,554] [INFO] basehttp : "GET /static/admin/img/icon-addlink.svg HTTP/1.1" 200 331
[2017-10-10 14:02:24,554] [INFO] basehttp : "GET /static/admin/img/icon-addlink.svg HTTP/1.1" 200 331
[2017-10-10 14:02:24,558] [INFO] basehttp : "GET /static/admin/img/icon-changelink.svg HTTP/1.1" 200 380
[2017-10-10 14:02:24,558] [INFO] basehttp : "GET /static/admin/img/icon-changelink.svg HTTP/1.1" 200 380
[2017-10-10 14:02:31,857] [INFO] basehttp : "GET /admin/auth/user/add/ HTTP/1.1" 200 5166
[2017-10-10 14:02:31,857] [INFO] basehttp : "GET /admin/auth/user/add/ HTTP/1.1" 200 5166
[2017-10-10 14:02:31,875] [INFO] basehttp : "GET /static/admin/css/forms.css HTTP/1.1" 200 7750
[2017-10-10 14:02:31,875] [INFO] basehttp : "GET /static/admin/css/forms.css HTTP/1.1" 200 7750
[2017-10-10 14:02:31,885] [INFO] basehttp : "GET /static/admin/js/core.js HTTP/1.1" 200 7976
[2017-10-10 14:02:31,885] [INFO] basehttp : "GET /static/admin/js/core.js HTTP/1.1" 200 7976
[2017-10-10 14:02:31,894] [INFO] basehttp : "GET /admin/jsi18n/ HTTP/1.1" 200 3189
[2017-10-10 14:02:31,894] [INFO] basehttp : "GET /admin/jsi18n/ HTTP/1.1" 200 3189
[2017-10-10 14:02:31,900] [INFO] basehttp : "GET /static/admin/js/vendor/jquery/jquery.js HTTP/1.1" 200 258648
[2017-10-10 14:02:31,900] [INFO] basehttp : "GET /static/admin/js/vendor/jquery/jquery.js HTTP/1.1" 200 258648
[2017-10-10 14:02:31,903] [INFO] basehttp : "GET /static/admin/js/admin/RelatedObjectLookups.js HTTP/1.1" 200 6577
[2017-10-10 14:02:31,904] [INFO] basehttp : "GET /static/admin/css/widgets.css HTTP/1.1" 200 10340
[2017-10-10 14:02:31,903] [INFO] basehttp : "GET /static/admin/js/admin/RelatedObjectLookups.js HTTP/1.1" 200 6577
[2017-10-10 14:02:31,904] [INFO] basehttp : "GET /static/admin/css/widgets.css HTTP/1.1" 200 10340
[2017-10-10 14:02:31,908] [INFO] basehttp : "GET /static/admin/js/jquery.init.js HTTP/1.1" 200 363
[2017-10-10 14:02:31,912] [INFO] basehttp : "GET /static/admin/js/actions.js HTTP/1.1" 200 6501
[2017-10-10 14:02:31,915] [INFO] basehttp : "GET /static/admin/js/urlify.js HTTP/1.1" 200 8186
[2017-10-10 14:02:31,908] [INFO] basehttp : "GET /static/admin/js/jquery.init.js HTTP/1.1" 200 363
[2017-10-10 14:02:31,918] [INFO] basehttp : "GET /static/admin/js/prepopulate.js HTTP/1.1" 200 1538
[2017-10-10 14:02:31,915] [INFO] basehttp : "GET /static/admin/js/urlify.js HTTP/1.1" 200 8186
[2017-10-10 14:02:31,928] [INFO] basehttp : "GET /static/admin/js/vendor/xregexp/xregexp.js HTTP/1.1" 200 128820
[2017-10-10 14:02:31,928] [INFO] basehttp : "GET /static/admin/js/vendor/xregexp/xregexp.js HTTP/1.1" 200 128820
[2017-10-10 14:02:31,918] [INFO] basehttp : "GET /static/admin/js/prepopulate.js HTTP/1.1" 200 1538
[2017-10-10 14:02:31,932] [INFO] basehttp : "GET /static/admin/js/change_form.js HTTP/1.1" 200 698
[2017-10-10 14:02:31,932] [INFO] basehttp : "GET /static/admin/js/change_form.js HTTP/1.1" 200 698
[2017-10-10 14:02:31,937] [INFO] basehttp : "GET /static/admin/js/prepopulate_init.js HTTP/1.1" 200 495
[2017-10-10 14:02:31,912] [INFO] basehttp : "GET /static/admin/js/actions.js HTTP/1.1" 200 6501
[2017-10-10 14:02:31,937] [INFO] basehttp : "GET /static/admin/js/prepopulate_init.js HTTP/1.1" 200 495
[2017-10-10 14:02:47,604] [INFO] basehttp : "POST /admin/auth/user/add/ HTTP/1.1" 302 0
[2017-10-10 14:02:47,604] [INFO] basehttp : "POST /admin/auth/user/add/ HTTP/1.1" 302 0
[2017-10-10 14:02:47,676] [INFO] basehttp : "GET /admin/auth/user/2/change/ HTTP/1.1" 200 13895
[2017-10-10 14:02:47,676] [INFO] basehttp : "GET /admin/auth/user/2/change/ HTTP/1.1" 200 13895
[2017-10-10 14:02:47,707] [INFO] basehttp : "GET /admin/jsi18n/ HTTP/1.1" 200 3189
[2017-10-10 14:02:47,707] [INFO] basehttp : "GET /admin/jsi18n/ HTTP/1.1" 200 3189
[2017-10-10 14:02:47,710] [INFO] basehttp : "GET /static/admin/js/calendar.js HTTP/1.1" 200 7790
[2017-10-10 14:02:47,713] [INFO] basehttp : "GET /static/admin/js/SelectFilter2.js HTTP/1.1" 200 12389
[2017-10-10 14:02:47,713] [INFO] basehttp : "GET /static/admin/js/SelectFilter2.js HTTP/1.1" 200 12389
[2017-10-10 14:02:47,716] [INFO] basehttp : "GET /static/admin/js/admin/DateTimeShortcuts.js HTTP/1.1" 200 20529
[2017-10-10 14:02:47,719] [INFO] basehttp : "GET /static/admin/js/SelectBox.js HTTP/1.1" 200 5755
[2017-10-10 14:02:47,710] [INFO] basehttp : "GET /static/admin/js/calendar.js HTTP/1.1" 200 7790
[2017-10-10 14:02:47,719] [INFO] basehttp : "GET /static/admin/js/SelectBox.js HTTP/1.1" 200 5755
[2017-10-10 14:02:47,716] [INFO] basehttp : "GET /static/admin/js/admin/DateTimeShortcuts.js HTTP/1.1" 200 20529
[2017-10-10 14:02:47,873] [INFO] basehttp : "GET /static/admin/img/icon-yes.svg HTTP/1.1" 200 436
[2017-10-10 14:02:47,873] [INFO] basehttp : "GET /static/admin/img/icon-yes.svg HTTP/1.1" 200 436
[2017-10-10 14:02:47,885] [INFO] basehttp : "GET /static/admin/img/icon-unknown.svg HTTP/1.1" 200 655
[2017-10-10 14:02:47,885] [INFO] basehttp : "GET /static/admin/img/icon-unknown.svg HTTP/1.1" 200 655
[2017-10-10 14:02:47,966] [INFO] basehttp : "GET /static/admin/img/selector-icons.svg HTTP/1.1" 200 3291
[2017-10-10 14:02:47,966] [INFO] basehttp : "GET /static/admin/img/selector-icons.svg HTTP/1.1" 200 3291
[2017-10-10 14:02:47,971] [INFO] basehttp : "GET /static/admin/img/search.svg HTTP/1.1" 200 458
[2017-10-10 14:02:47,971] [INFO] basehttp : "GET /static/admin/img/search.svg HTTP/1.1" 200 458
[2017-10-10 14:02:47,994] [INFO] basehttp : "GET /static/admin/img/icon-unknown-alt.svg HTTP/1.1" 200 655
[2017-10-10 14:02:47,994] [INFO] basehttp : "GET /static/admin/img/icon-unknown-alt.svg HTTP/1.1" 200 655
[2017-10-10 14:02:48,000] [INFO] basehttp : "GET /static/admin/img/icon-clock.svg HTTP/1.1" 200 677
[2017-10-10 14:02:48,000] [INFO] basehttp : "GET /static/admin/img/icon-clock.svg HTTP/1.1" 200 677
[2017-10-10 14:02:48,022] [INFO] basehttp : "GET /static/admin/img/icon-calendar.svg HTTP/1.1" 200 1086
[2017-10-10 14:02:48,022] [INFO] basehttp : "GET /static/admin/img/icon-calendar.svg HTTP/1.1" 200 1086
[2017-10-10 14:02:55,394] [INFO] basehttp : "GET / HTTP/1.1" 200 1471
[2017-10-10 14:02:55,394] [INFO] basehttp : "GET / HTTP/1.1" 200 1471
[2017-10-10 14:03:03,625] [INFO] basehttp : "POST /login_action/ HTTP/1.1" 302 0
[2017-10-10 14:03:03,625] [INFO] basehttp : "POST /login_action/ HTTP/1.1" 302 0
[2017-10-10 14:03:03,644] [INFO] basehttp : "GET /event_manage/ HTTP/1.1" 200 3955
[2017-10-10 14:03:03,644] [INFO] basehttp : "GET /event_manage/ HTTP/1.1" 200 3955
[2017-10-10 14:03:09,283] [INFO] basehttp : "GET /guest_manage/ HTTP/1.1" 200 4184
[2017-10-10 14:03:09,283] [INFO] basehttp : "GET /guest_manage/ HTTP/1.1" 200 4184
[2017-10-10 14:03:10,682] [INFO] basehttp : "GET /event_manage/ HTTP/1.1" 200 3955
[2017-10-10 14:03:10,682] [INFO] basehttp : "GET /event_manage/ HTTP/1.1" 200 3955
[2017-10-10 14:03:15,325] [INFO] basehttp : "GET /search_name/?name=%E5%B0%8F%E7%B1%B3 HTTP/1.1" 200 3539
[2017-10-10 14:03:15,325] [INFO] basehttp : "GET /search_name/?name=%E5%B0%8F%E7%B1%B3 HTTP/1.1" 200 3539
[2017-10-10 14:03:17,454] [INFO] basehttp : "GET /search_name/?name= HTTP/1.1" 200 3955
[2017-10-10 14:03:17,454] [INFO] basehttp : "GET /search_name/?name= HTTP/1.1" 200 3955
[2017-10-10 14:03:20,370] [INFO] basehttp : "GET /search_name/?name=%E7%B1%B3 HTTP/1.1" 200 3955
[2017-10-10 14:03:20,370] [INFO] basehttp : "GET /search_name/?name=%E7%B1%B3 HTTP/1.1" 200 3955
[2017-10-10 14:03:22,732] [INFO] basehttp : "GET /search_name/?name= HTTP/1.1" 200 3955
[2017-10-10 14:03:22,732] [INFO] basehttp : "GET /search_name/?name= HTTP/1.1" 200 3955
[2017-10-10 14:03:25,704] [INFO] basehttp : "GET /search_name/?name=%E5%B0%8F%E7%B1%B3 HTTP/1.1" 200 3539
[2017-10-10 14:03:25,704] [INFO] basehttp : "GET /search_name/?name=%E5%B0%8F%E7%B1%B3 HTTP/1.1" 200 3539
[2017-10-10 14:03:27,734] [INFO] basehttp : "GET /search_name/?name= HTTP/1.1" 200 3955
[2017-10-10 14:03:27,734] [INFO] basehttp : "GET /search_name/?name= HTTP/1.1" 200 3955
[2017-10-10 14:03:32,132] [INFO] basehttp : "GET /sign_index/1/ HTTP/1.1" 200 2782
[2017-10-10 14:03:32,132] [INFO] basehttp : "GET /sign_index/1/ HTTP/1.1" 200 2782
[2017-10-10 14:03:40,012] [INFO] basehttp : "POST /sign_index_action/1/ HTTP/1.1" 200 2794
[2017-10-10 14:03:40,012] [INFO] basehttp : "POST /sign_index_action/1/ HTTP/1.1" 200 2794
[2017-10-10 14:03:47,629] [INFO] basehttp : "POST /sign_index_action/1/ HTTP/1.1" 200 2794
[2017-10-10 14:03:47,629] [INFO] basehttp : "POST /sign_index_action/1/ HTTP/1.1" 200 2794
[2017-10-10 14:03:50,597] [INFO] basehttp : "GET /sign_index_action/1/ HTTP/1.1" 200 2794
[2017-10-10 14:03:50,597] [INFO] basehttp : "GET /sign_index_action/1/ HTTP/1.1" 200 2794
[2017-10-10 14:03:51,439] [INFO] basehttp : "GET /sign_index_action/1/ HTTP/1.1" 200 2794
[2017-10-10 14:03:51,439] [INFO] basehttp : "GET /sign_index_action/1/ HTTP/1.1" 200 2794
[2017-10-10 14:03:51,862] [INFO] basehttp : "GET /sign_index_action/1/ HTTP/1.1" 200 2794
[2017-10-10 14:03:51,862] [INFO] basehttp : "GET /sign_index_action/1/ HTTP/1.1" 200 2794
[2017-10-10 14:03:52,070] [INFO] basehttp : "GET /sign_index_action/1/ HTTP/1.1" 200 2794
[2017-10-10 14:03:52,070] [INFO] basehttp : "GET /sign_index_action/1/ HTTP/1.1" 200 2794
[2017-10-10 14:03:52,286] [INFO] basehttp : "GET /sign_index_action/1/ HTTP/1.1" 200 2794
[2017-10-10 14:03:52,286] [INFO] basehttp : "GET /sign_index_action/1/ HTTP/1.1" 200 2794
[2017-10-10 14:03:53,619] [INFO] basehttp : "GET /guest_manage/ HTTP/1.1" 200 4184
[2017-10-10 14:03:53,619] [INFO] basehttp : "GET /guest_manage/ HTTP/1.1" 200 4184
[2017-10-10 14:03:59,700] [INFO] basehttp : "GET /event_manage/ HTTP/1.1" 200 3955
[2017-10-10 14:03:59,700] [INFO] basehttp : "GET /event_manage/ HTTP/1.1" 200 3955
[2017-10-10 14:04:01,395] [INFO] basehttp : "GET /sign_index/1/ HTTP/1.1" 200 2782
[2017-10-10 14:04:01,395] [INFO] basehttp : "GET /sign_index/1/ HTTP/1.1" 200 2782
[2017-10-10 14:04:02,891] [INFO] basehttp : "POST /sign_index_action/1/ HTTP/1.1" 200 2813
[2017-10-10 14:04:02,891] [INFO] basehttp : "POST /sign_index_action/1/ HTTP/1.1" 200 2813
[2017-10-10 14:04:05,817] [INFO] basehttp : "GET /sign_index_action/1/ HTTP/1.1" 200 2794
[2017-10-10 14:04:05,817] [INFO] basehttp : "GET /sign_index_action/1/ HTTP/1.1" 200 2794
[2017-10-10 14:04:06,698] [INFO] basehttp : "GET /sign_index_action/1/ HTTP/1.1" 200 2794
[2017-10-10 14:04:06,698] [INFO] basehttp : "GET /sign_index_action/1/ HTTP/1.1" 200 2794
[2017-10-10 14:04:07,898] [INFO] basehttp : "GET /event_manage/ HTTP/1.1" 200 3955
[2017-10-10 14:04:07,898] [INFO] basehttp : "GET /event_manage/ HTTP/1.1" 200 3955
[2017-10-10 14:04:09,160] [INFO] basehttp : "GET /guest_manage/ HTTP/1.1" 200 4183
[2017-10-10 14:04:09,160] [INFO] basehttp : "GET /guest_manage/ HTTP/1.1" 200 4183
[2017-10-10 14:04:19,854] [INFO] basehttp : "GET /event_manage/ HTTP/1.1" 200 3955
[2017-10-10 14:04:19,854] [INFO] basehttp : "GET /event_manage/ HTTP/1.1" 200 3955
[2017-10-10 14:04:21,536] [INFO] basehttp : "GET /event_manage/ HTTP/1.1" 200 3955
[2017-10-10 14:04:21,536] [INFO] basehttp : "GET /event_manage/ HTTP/1.1" 200 3955
[2017-10-10 14:04:22,404] [INFO] basehttp : "GET /event_manage/ HTTP/1.1" 200 3955
[2017-10-10 14:04:22,404] [INFO] basehttp : "GET /event_manage/ HTTP/1.1" 200 3955
[2017-10-10 14:04:22,620] [INFO] basehttp : "GET /event_manage/ HTTP/1.1" 200 3955
[2017-10-10 14:04:22,620] [INFO] basehttp : "GET /event_manage/ HTTP/1.1" 200 3955
[2017-10-10 14:04:22,827] [INFO] basehttp : "GET /event_manage/ HTTP/1.1" 200 3955
[2017-10-10 14:04:22,827] [INFO] basehttp : "GET /event_manage/ HTTP/1.1" 200 3955
[2017-10-10 14:04:23,027] [INFO] basehttp : "GET /event_manage/ HTTP/1.1" 200 3955
[2017-10-10 14:04:23,027] [INFO] basehttp : "GET /event_manage/ HTTP/1.1" 200 3955
[2017-10-10 14:04:24,344] [INFO] basehttp : "GET /logout/ HTTP/1.1" 302 0
[2017-10-10 14:04:24,344] [INFO] basehttp : "GET /logout/ HTTP/1.1" 302 0
[2017-10-10 14:04:24,349] [INFO] basehttp : "GET /index/ HTTP/1.1" 200 1471
[2017-10-10 14:04:24,349] [INFO] basehttp : "GET /index/ HTTP/1.1" 200 1471
[2017-10-10 14:04:26,092] [INFO] basehttp : "POST /login_action/ HTTP/1.1" 302 0
[2017-10-10 14:04:26,092] [INFO] basehttp : "POST /login_action/ HTTP/1.1" 302 0
[2017-10-10 14:04:26,114] [INFO] basehttp : "GET /event_manage/ HTTP/1.1" 200 3955
[2017-10-10 14:04:26,114] [INFO] basehttp : "GET /event_manage/ HTTP/1.1" 200 3955
[2017-10-10 14:05:11,924] [INFO] basehttp : "GET /sign_index2/1/ HTTP/1.1" 200 1531
[2017-10-10 14:05:11,924] [INFO] basehttp : "GET /sign_index2/1/ HTTP/1.1" 200 1531
[2017-10-10 14:05:11,940] [INFO] basehttp : "GET /static/css/draw_results.css HTTP/1.1" 200 11037
[2017-10-10 14:05:11,940] [INFO] basehttp : "GET /static/css/draw_results.css HTTP/1.1" 200 11037
[2017-10-10 14:05:11,947] [INFO] basehttp : "GET /static/js/jquery-1.10.2.min.js HTTP/1.1" 200 93113
[2017-10-10 14:05:11,947] [INFO] basehttp : "GET /static/js/jquery-1.10.2.min.js HTTP/1.1" 200 93113
[2017-10-10 14:05:11,951] [INFO] basehttp : "GET /static/js/conference_sign.js HTTP/1.1" 200 4464
[2017-10-10 14:05:11,951] [INFO] basehttp : "GET /static/js/conference_sign.js HTTP/1.1" 200 4464
[2017-10-10 14:05:11,999] [INFO] basehttp : "GET /static/image/sign/bg-left-bottom.png HTTP/1.1" 200 57959
[2017-10-10 14:05:12,001] [INFO] basehttp : "GET /static/image/sign/bg-top-center.png HTTP/1.1" 200 2374
[2017-10-10 14:05:12,003] [INFO] basehttp : "GET /static/image/sign/bg-left-center.png HTTP/1.1" 200 1892
[2017-10-10 14:05:12,004] [INFO] basehttp : "GET /static/image/sign/bg.png HTTP/1.1" 200 87176
[2017-10-10 14:05:11,999] [INFO] basehttp : "GET /static/image/sign/bg-left-bottom.png HTTP/1.1" 200 57959
[2017-10-10 14:05:12,001] [INFO] basehttp : "GET /static/image/sign/bg-top-center.png HTTP/1.1" 200 2374
[2017-10-10 14:05:12,004] [INFO] basehttp : "GET /static/image/sign/bg.png HTTP/1.1" 200 87176
[2017-10-10 14:05:12,014] [INFO] basehttp : "GET /static/image/sign/bg-right-bottom.png HTTP/1.1" 200 38413
[2017-10-10 14:05:12,014] [INFO] basehttp : "GET /static/image/sign/bg-right-bottom.png HTTP/1.1" 200 38413
[2017-10-10 14:05:12,017] [INFO] basehttp : "GET /static/image/sign/bg-right-top.png HTTP/1.1" 200 28503
[2017-10-10 14:05:12,017] [INFO] basehttp : "GET /static/image/sign/bg-right-top.png HTTP/1.1" 200 28503
[2017-10-10 14:05:12,026] [INFO] basehttp : "GET /static/image/sign/cent.png HTTP/1.1" 200 3433
[2017-10-10 14:05:12,003] [INFO] basehttp : "GET /static/image/sign/bg-left-center.png HTTP/1.1" 200 1892
[2017-10-10 14:05:12,026] [INFO] basehttp : "GET /static/image/sign/cent.png HTTP/1.1" 200 3433
[2017-10-10 14:05:12,214] [INFO] basehttp : "GET /static/image/sign/mx4.ttf HTTP/1.1" 200 8173832
[2017-10-10 14:05:12,214] [INFO] basehttp : "GET /static/image/sign/mx4.ttf HTTP/1.1" 200 8173832
[2017-10-10 14:05:12,376] [INFO] basehttp : "GET /static/image/favicon.ico HTTP/1.1" 200 1029
[2017-10-10 14:05:12,376] [INFO] basehttp : "GET /static/image/favicon.ico HTTP/1.1" 200 1029
[2017-10-10 14:05:21,550] [INFO] basehttp : "GET /guest_manage/ HTTP/1.1" 200 4183
[2017-10-10 14:05:21,550] [INFO] basehttp : "GET /guest_manage/ HTTP/1.1" 200 4183
[2017-10-10 14:05:26,089] [INFO] basehttp : "GET /guest_manage/ HTTP/1.1" 200 4183
[2017-10-10 14:05:26,089] [INFO] basehttp : "GET /guest_manage/ HTTP/1.1" 200 4183
[2017-10-10 14:05:27,109] [INFO] basehttp : "GET /event_manage/ HTTP/1.1" 200 3955
[2017-10-10 14:05:27,109] [INFO] basehttp : "GET /event_manage/ HTTP/1.1" 200 3955
[2017-10-10 14:05:28,002] [INFO] basehttp : "GET /guest_manage/ HTTP/1.1" 200 4183
[2017-10-10 14:05:28,002] [INFO] basehttp : "GET /guest_manage/ HTTP/1.1" 200 4183
[2017-10-10 14:05:28,800] [INFO] basehttp : "GET /guest_manage/ HTTP/1.1" 200 4183
[2017-10-10 14:05:28,800] [INFO] basehttp : "GET /guest_manage/ HTTP/1.1" 200 4183
[2017-10-10 14:05:31,093] [INFO] basehttp : "GET /guest_manage/ HTTP/1.1" 200 4183
[2017-10-10 14:05:31,093] [INFO] basehttp : "GET /guest_manage/ HTTP/1.1" 200 4183
[2017-10-10 14:09:20,846] [INFO] basehttp : "GET /search_phone/?phone= HTTP/1.1" 200 4183
[2017-10-10 14:09:20,846] [INFO] basehttp : "GET /search_phone/?phone= HTTP/1.1" 200 4183
[2017-10-10 14:09:21,659] [INFO] basehttp : "GET /event_manage/ HTTP/1.1" 200 3955
[2017-10-10 14:09:21,659] [INFO] basehttp : "GET /event_manage/ HTTP/1.1" 200 3955
[2017-10-10 14:10:00,252] [INFO] basehttp : "GET / HTTP/1.1" 200 1471
[2017-10-10 14:10:00,252] [INFO] basehttp : "GET / HTTP/1.1" 200 1471
[2017-10-10 14:10:00,368] [WARNING] basehttp : "GET /favicon.ico HTTP/1.1" 404 3478
[2017-10-10 14:10:00,368] [WARNING] basehttp : "GET /favicon.ico HTTP/1.1" 404 3478
[2017-10-10 14:10:08,715] [INFO] basehttp : "POST /login_action/ HTTP/1.1" 302 0
[2017-10-10 14:10:08,715] [INFO] basehttp : "POST /login_action/ HTTP/1.1" 302 0
[2017-10-10 14:10:08,753] [INFO] basehttp : "GET /event_manage/ HTTP/1.1" 200 3955
[2017-10-10 14:10:08,753] [INFO] basehttp : "GET /event_manage/ HTTP/1.1" 200 3955
[2017-10-10 14:10:17,858] [INFO] basehttp : "GET /search_name/?name= HTTP/1.1" 200 3955
[2017-10-10 14:10:17,858] [INFO] basehttp : "GET /search_name/?name= HTTP/1.1" 200 3955
[2017-10-10 14:10:20,964] [INFO] basehttp : "GET /search_name/?name= HTTP/1.1" 200 3955
[2017-10-10 14:10:20,964] [INFO] basehttp : "GET /search_name/?name= HTTP/1.1" 200 3955
[2017-10-10 14:10:22,325] [INFO] basehttp : "GET /search_name/?name= HTTP/1.1" 200 3955
[2017-10-10 14:10:22,325] [INFO] basehttp : "GET /search_name/?name= HTTP/1.1" 200 3955
[2017-10-10 14:10:25,092] [INFO] basehttp : "GET /guest_manage/ HTTP/1.1" 200 4183
[2017-10-10 14:10:25,092] [INFO] basehttp : "GET /guest_manage/ HTTP/1.1" 200 4183
[2018-06-05 17:38:12,442] [INFO] basehttp : "GET / HTTP/1.1" 200 1471
[2018-06-05 17:38:12,442] [INFO] basehttp : "GET / HTTP/1.1" 200 1471
[2018-06-05 17:38:12,713] [WARNING] basehttp : "GET /favicon.ico HTTP/1.1" 404 3478
[2018-06-05 17:38:12,713] [WARNING] basehttp : "GET /favicon.ico HTTP/1.1" 404 3478
[2018-06-05 17:38:54,041] [INFO] basehttp : "GET /api/get_event_list HTTP/1.1" 301 0
[2018-06-05 17:38:54,041] [INFO] basehttp : "GET /api/get_event_list HTTP/1.1" 301 0
[2018-06-05 17:38:54,050] [INFO] basehttp : "GET /api/get_event_list/ HTTP/1.1" 200 47
[2018-06-05 17:38:54,050] [INFO] basehttp : "GET /api/get_event_list/ HTTP/1.1" 200 47
[2018-06-05 17:39:32,559] [INFO] basehttp : "POST /login_action/ HTTP/1.1" 200 1498
[2018-06-05 17:39:32,559] [INFO] basehttp : "POST /login_action/ HTTP/1.1" 200 1498
[2018-06-05 17:40:29,959] [INFO] basehttp : "POST /login_action/ HTTP/1.1" 200 1498
[2018-06-05 17:40:29,959] [INFO] basehttp : "POST /login_action/ HTTP/1.1" 200 1498
[2018-06-05 17:40:40,649] [INFO] basehttp : "POST /login_action/ HTTP/1.1" 200 1498
[2018-06-05 17:40:40,649] [INFO] basehttp : "POST /login_action/ HTTP/1.1" 200 1498
[2018-06-05 17:43:04,371] [INFO] basehttp : "POST /login_action/ HTTP/1.1" 200 1498
[2018-06-05 17:43:04,371] [INFO] basehttp : "POST /login_action/ HTTP/1.1" 200 1498
[2018-06-05 17:45:50,405] [INFO] basehttp : "GET /api/add_event/ HTTP/1.1" 200 47
[2018-06-05 17:45:50,405] [INFO] basehttp : "GET /api/add_event/ HTTP/1.1" 200 47
[2018-06-05 17:46:01,789] [INFO] basehttp : "GET /api/add_guest/ HTTP/1.1" 200 47
[2018-06-05 17:46:01,789] [INFO] basehttp : "GET /api/add_guest/ HTTP/1.1" 200 47
[2018-06-05 17:46:05,002] [INFO] basehttp : "GET /api/add_guest/ HTTP/1.1" 200 47
[2018-06-05 17:46:05,002] [INFO] basehttp : "GET /api/add_guest/ HTTP/1.1" 200 47
[2018-06-05 17:46:16,306] [INFO] basehttp : "GET /api/get_event_list/ HTTP/1.1" 200 47
[2018-06-05 17:46:16,306] [INFO] basehttp : "GET /api/get_event_list/ HTTP/1.1" 200 47
[2018-06-05 17:46:22,844] [WARNING] basehttp : "GET /login HTTP/1.1" 404 3460
[2018-06-05 17:46:22,844] [WARNING] basehttp : "GET /login HTTP/1.1" 404 3460
[2018-06-05 17:46:26,353] [WARNING] basehttp : "GET /login/ HTTP/1.1" 404 3463
[2018-06-05 17:46:26,353] [WARNING] basehttp : "GET /login/ HTTP/1.1" 404 3463
[2018-06-05 17:56:30,605] [INFO] basehttp : "GET /admin HTTP/1.1" 301 0
[2018-06-05 17:56:30,605] [INFO] basehttp : "GET /admin HTTP/1.1" 301 0
[2018-06-05 17:56:30,625] [INFO] basehttp : "GET /admin/ HTTP/1.1" 302 0
[2018-06-05 17:56:30,625] [INFO] basehttp : "GET /admin/ HTTP/1.1" 302 0
[2018-06-05 17:56:30,658] [INFO] basehttp : "GET /admin/login/?next=/admin/ HTTP/1.1" 200 1657
[2018-06-05 17:56:30,658] [INFO] basehttp : "GET /admin/login/?next=/admin/ HTTP/1.1" 200 1657
[2018-06-05 17:56:30,677] [INFO] basehttp : "GET /static/admin/css/base.css HTTP/1.1" 200 15937
[2018-06-05 17:56:30,677] [INFO] basehttp : "GET /static/admin/css/base.css HTTP/1.1" 200 15937
[2018-06-05 17:56:30,682] [INFO] basehttp : "GET /static/admin/css/login.css HTTP/1.1" 200 1203
[2018-06-05 17:56:30,682] [INFO] basehttp : "GET /static/admin/css/login.css HTTP/1.1" 200 1203
[2018-06-05 17:56:30,707] [INFO] basehttp : "GET /static/admin/css/fonts.css HTTP/1.1" 200 423
[2018-06-05 17:56:30,707] [INFO] basehttp : "GET /static/admin/css/fonts.css HTTP/1.1" 200 423
[2018-06-05 17:56:30,716] [INFO] basehttp : "GET /static/admin/fonts/Roboto-Regular-webfont.woff HTTP/1.1" 200 80304
[2018-06-05 17:56:30,716] [INFO] basehttp : "GET /static/admin/fonts/Roboto-Regular-webfont.woff HTTP/1.1" 200 80304
[2018-06-05 17:56:30,741] [INFO] basehttp : "GET /static/admin/fonts/Roboto-Light-webfont.woff HTTP/1.1" 200 81348
[2018-06-05 17:56:30,741] [INFO] basehttp : "GET /static/admin/fonts/Roboto-Light-webfont.woff HTTP/1.1" 200 81348
[2018-06-05 17:56:30,765] [WARNING] basehttp : "GET /favicon.ico HTTP/1.1" 404 3478
[2018-06-05 17:56:30,765] [WARNING] basehttp : "GET /favicon.ico HTTP/1.1" 404 3478
[2018-06-05 17:56:38,242] [INFO] basehttp : "GET /admin/ HTTP/1.1" 302 0
[2018-06-05 17:56:38,242] [INFO] basehttp : "GET /admin/ HTTP/1.1" 302 0
[2018-06-05 17:56:38,258] [INFO] basehttp : "GET /admin/login/?next=/admin/ HTTP/1.1" 200 1657
[2018-06-05 17:56:38,258] [INFO] basehttp : "GET /admin/login/?next=/admin/ HTTP/1.1" 200 1657
[2018-06-05 17:57:03,880] [INFO] basehttp : "POST /admin/login/?next=/admin/ HTTP/1.1" 302 0
[2018-06-05 17:57:03,880] [INFO] basehttp : "POST /admin/login/?next=/admin/ HTTP/1.1" 302 0
[2018-06-05 17:57:03,906] [INFO] basehttp : "GET /admin/ HTTP/1.1" 200 5535
[2018-06-05 17:57:03,906] [INFO] basehttp : "GET /admin/ HTTP/1.1" 200 5535
[2018-06-05 17:57:03,918] [INFO] basehttp : "GET /static/admin/css/dashboard.css HTTP/1.1" 200 434
[2018-06-05 17:57:03,918] [INFO] basehttp : "GET /static/admin/css/dashboard.css HTTP/1.1" 200 434
[2018-06-05 17:57:03,926] [INFO] basehttp : "GET /static/admin/img/icon-addlink.svg HTTP/1.1" 200 331
[2018-06-05 17:57:03,926] [INFO] basehttp : "GET /static/admin/img/icon-addlink.svg HTTP/1.1" 200 331
[2018-06-05 17:57:03,929] [INFO] basehttp : "GET /static/admin/img/icon-changelink.svg HTTP/1.1" 200 380
[2018-06-05 17:57:03,929] [INFO] basehttp : "GET /static/admin/img/icon-changelink.svg HTTP/1.1" 200 380
[2018-06-05 17:57:03,933] [INFO] basehttp : "GET /static/admin/fonts/Roboto-Bold-webfont.woff HTTP/1.1" 200 82564
[2018-06-05 17:57:03,933] [INFO] basehttp : "GET /static/admin/fonts/Roboto-Bold-webfont.woff HTTP/1.1" 200 82564
[2018-06-05 17:57:17,627] [INFO] basehttp : "GET / HTTP/1.1" 200 1471
[2018-06-05 17:57:17,627] [INFO] basehttp : "GET / HTTP/1.1" 200 1471
[2018-06-05 17:57:23,976] [INFO] basehttp : "POST /login_action/ HTTP/1.1" 302 0
[2018-06-05 17:57:23,976] [INFO] basehttp : "POST /login_action/ HTTP/1.1" 302 0
[2018-06-05 17:57:23,985] [INFO] basehttp : "GET /event_manage/ HTTP/1.1" 200 3952
[2018-06-05 17:57:23,985] [INFO] basehttp : "GET /event_manage/ HTTP/1.1" 200 3952
[2018-06-05 17:57:27,596] [INFO] basehttp : "GET /guest_manage/ HTTP/1.1" 200 4180
[2018-06-05 17:57:27,596] [INFO] basehttp : "GET /guest_manage/ HTTP/1.1" 200 4180
[2018-06-05 17:57:28,886] [INFO] basehttp : "GET /event_manage/ HTTP/1.1" 200 3952
[2018-06-05 17:57:28,886] [INFO] basehttp : "GET /event_manage/ HTTP/1.1" 200 3952
[2018-06-05 17:57:47,611] [INFO] basehttp : "GET /api/add_event/ HTTP/1.1" 200 47
[2018-06-05 17:57:47,611] [INFO] basehttp : "GET /api/add_event/ HTTP/1.1" 200 47
[2018-06-05 17:57:58,239] [INFO] basehttp : "GET /guest_manage/ HTTP/1.1" 200 4180
[2018-06-05 17:57:58,239] [INFO] basehttp : "GET /guest_manage/ HTTP/1.1" 200 4180
[2018-06-05 17:58:00,596] [INFO] basehttp : "GET /event_manage/ HTTP/1.1" 200 3952
[2018-06-05 17:58:00,596] [INFO] basehttp : "GET /event_manage/ HTTP/1.1" 200 3952
[2018-06-05 17:58:02,148] [INFO] basehttp : "GET /sign_index/1/ HTTP/1.1" 200 2782
[2018-06-05 17:58:02,148] [INFO] basehttp : "GET /sign_index/1/ HTTP/1.1" 200 2782
[2018-06-05 20:26:14,239] [INFO] basehttp : "GET /api/add_event/ HTTP/1.1" 200 47
[2018-06-05 20:26:14,239] [INFO] basehttp : "GET /api/add_event/ HTTP/1.1" 200 47
[2018-06-05 20:26:14,268] [WARNING] basehttp : "GET /favicon.ico HTTP/1.1" 404 3478
[2018-06-05 20:26:14,268] [WARNING] basehttp : "GET /favicon.ico HTTP/1.1" 404 3478
[2018-06-05 20:27:02,159] [INFO] basehttp : "GET /api/add_event/?eid=1 HTTP/1.1" 200 47
[2018-06-05 20:27:02,159] [INFO] basehttp : "GET /api/add_event/?eid=1 HTTP/1.1" 200 47
[2018-06-05 20:27:06,166] [INFO] basehttp : "GET /api/add_event/?eid=2 HTTP/1.1" 200 47
[2018-06-05 20:27:06,166] [INFO] basehttp : "GET /api/add_event/?eid=2 HTTP/1.1" 200 47
[2018-06-05 20:29:43,028] [INFO] basehttp : "GET /api/get_event_list/?eid=1 HTTP/1.1" 200 206
[2018-06-05 20:29:43,028] [INFO] basehttp : "GET /api/get_event_list/?eid=1 HTTP/1.1" 200 206
[2018-06-05 20:30:53,287] [INFO] basehttp : "GET /api/user_sign/?eid=1 HTTP/1.1" 200 47
[2018-06-05 20:30:53,287] [INFO] basehttp : "GET /api/user_sign/?eid=1 HTTP/1.1" 200 47
[2018-06-05 20:31:38,049] [INFO] basehttp : "GET /api/user_sign/?eid=1 HTTP/1.1" 200 47
[2018-06-05 20:31:38,049] [INFO] basehttp : "GET /api/user_sign/?eid=1 HTTP/1.1" 200 47
[2018-06-05 20:31:38,198] [WARNING] basehttp : "GET /favicon.ico HTTP/1.1" 404 3478
[2018-06-05 20:31:38,198] [WARNING] basehttp : "GET /favicon.ico HTTP/1.1" 404 3478
[2018-06-05 20:31:38,210] [WARNING] basehttp : "GET /favicon.ico HTTP/1.1" 404 3478
[2018-06-05 20:31:38,210] [WARNING] basehttp : "GET /favicon.ico HTTP/1.1" 404 3478
[2018-06-05 20:32:27,361] [WARNING] basehttp : "GET /api/even_list/?eid=1 HTTP/1.1" 404 4693
[2018-06-05 20:32:27,361] [WARNING] basehttp : "GET /api/even_list/?eid=1 HTTP/1.1" 404 4693
[2018-06-05 20:32:33,661] [WARNING] basehttp : "GET /get_even_list/?eid=1 HTTP/1.1" 404 3493
[2018-06-05 20:32:33,661] [WARNING] basehttp : "GET /get_even_list/?eid=1 HTTP/1.1" 404 3493
[2018-06-05 20:32:55,370] [WARNING] basehttp : "GET /api/get_even_list/?eid=1 HTTP/1.1" 404 4705
[2018-06-05 20:32:55,370] [WARNING] basehttp : "GET /api/get_even_list/?eid=1 HTTP/1.1" 404 4705
[2018-06-05 20:33:03,816] [INFO] basehttp : "GET /api/get_event_list/?eid=1 HTTP/1.1" 200 206
[2018-06-05 20:33:03,816] [INFO] basehttp : "GET /api/get_event_list/?eid=1 HTTP/1.1" 200 206
[2018-06-05 20:36:55,414] [INFO] basehttp : "GET /api/get_event_list/?eid=1 HTTP/1.1" 200 206
[2018-06-05 20:36:55,414] [INFO] basehttp : "GET /api/get_event_list/?eid=1 HTTP/1.1" 200 206
[2018-06-05 20:37:59,577] [INFO] basehttp : "GET /api/get_event_list/?eid=1 HTTP/1.1" 200 206
[2018-06-05 20:37:59,577] [INFO] basehttp : "GET /api/get_event_list/?eid=1 HTTP/1.1" 200 206
[2018-06-05 20:38:07,933] [INFO] basehttp : "GET /api/get_event_list/?eid=1 HTTP/1.1" 200 206
[2018-06-05 20:38:07,933] [INFO] basehttp : "GET /api/get_event_list/?eid=1 HTTP/1.1" 200 206
[2018-06-05 20:38:52,407] [INFO] basehttp : "GET /api/get_event_list/?eid=1 HTTP/1.1" 200 206
[2018-06-05 20:38:52,407] [INFO] basehttp : "GET /api/get_event_list/?eid=1 HTTP/1.1" 200 206
[2018-06-05 20:39:05,003] [INFO] basehttp : "GET /api/get_event_list/?eid=1 HTTP/1.1" 200 206
[2018-06-05 20:39:05,003] [INFO] basehttp : "GET /api/get_event_list/?eid=1 HTTP/1.1" 200 206
[2018-06-05 20:39:15,583] [INFO] basehttp : "GET /api/get_event_list/?eid=1 HTTP/1.1" 200 206
[2018-06-05 20:39:15,583] [INFO] basehttp : "GET /api/get_event_list/?eid=1 HTTP/1.1" 200 206
[2018-06-06 14:46:30,449] [INFO] basehttp : "GET / HTTP/1.1" 200 1471
[2018-06-06 14:46:30,449] [INFO] basehttp : "GET / HTTP/1.1" 200 1471
[2018-06-06 14:46:30,621] [WARNING] basehttp : "GET /favicon.ico HTTP/1.1" 404 3478
[2018-06-06 14:46:30,621] [WARNING] basehttp : "GET /favicon.ico HTTP/1.1" 404 3478
[2018-06-06 14:46:36,218] [INFO] basehttp : "POST /login_action/ HTTP/1.1" 200 1498
[2018-06-06 14:46:36,218] [INFO] basehttp : "POST /login_action/ HTTP/1.1" 200 1498
[2018-06-06 14:46:44,254] [INFO] basehttp : "POST /login_action/ HTTP/1.1" 200 1498
[2018-06-06 14:46:44,254] [INFO] basehttp : "POST /login_action/ HTTP/1.1" 200 1498
[2018-06-06 14:46:52,381] [INFO] basehttp : "POST /login_action/ HTTP/1.1" 200 1498
[2018-06-06 14:46:52,381] [INFO] basehttp : "POST /login_action/ HTTP/1.1" 200 1498
[2018-06-06 14:48:44,773] [INFO] basehttp : "POST /login_action/ HTTP/1.1" 302 0
[2018-06-06 14:48:44,773] [INFO] basehttp : "POST /login_action/ HTTP/1.1" 302 0
[2018-06-06 14:48:44,796] [INFO] basehttp : "GET /event_manage/ HTTP/1.1" 200 3120
[2018-06-06 14:48:44,796] [INFO] basehttp : "GET /event_manage/ HTTP/1.1" 200 3120
[2018-06-06 14:48:48,222] [INFO] basehttp : "GET / HTTP/1.1" 200 1471
[2018-06-06 14:48:48,222] [INFO] basehttp : "GET / HTTP/1.1" 200 1471
[2018-06-06 14:48:55,885] [INFO] basehttp : "POST /login_action/ HTTP/1.1" 302 0
[2018-06-06 14:48:55,885] [INFO] basehttp : "POST /login_action/ HTTP/1.1" 302 0
[2018-06-06 14:48:55,901] [INFO] basehttp : "GET /event_manage/ HTTP/1.1" 200 3120
[2018-06-06 14:48:55,901] [INFO] basehttp : "GET /event_manage/ HTTP/1.1" 200 3120
[2018-06-06 14:49:01,587] [INFO] basehttp : "GET /guest_manage/ HTTP/1.1" 200 3343
[2018-06-06 14:49:01,587] [INFO] basehttp : "GET /guest_manage/ HTTP/1.1" 200 3343
[2018-06-06 14:49:02,589] [INFO] basehttp : "GET /event_manage/ HTTP/1.1" 200 3120
[2018-06-06 14:49:02,589] [INFO] basehttp : "GET /event_manage/ HTTP/1.1" 200 3120
[2018-06-06 14:49:06,103] [INFO] basehttp : "GET /event_manage/ HTTP/1.1" 200 3120
[2018-06-06 14:49:06,103] [INFO] basehttp : "GET /event_manage/ HTTP/1.1" 200 3120
[2018-06-06 14:49:08,502] [INFO] basehttp : "GET / HTTP/1.1" 200 1471
[2018-06-06 14:49:08,502] [INFO] basehttp : "GET / HTTP/1.1" 200 1471
[2018-06-06 14:49:15,959] [INFO] basehttp : "POST /login_action/ HTTP/1.1" 302 0
[2018-06-06 14:49:15,959] [INFO] basehttp : "POST /login_action/ HTTP/1.1" 302 0
[2018-06-06 14:49:15,985] [INFO] basehttp : "GET /event_manage/ HTTP/1.1" 200 3120
[2018-06-06 14:49:15,985] [INFO] basehttp : "GET /event_manage/ HTTP/1.1" 200 3120
[2018-06-06 15:57:41,724] [INFO] basehttp : "GET /event_manage/ HTTP/1.1" 200 5240
[2018-06-06 15:57:41,724] [INFO] basehttp : "GET /event_manage/ HTTP/1.1" 200 5240
[2018-06-06 15:57:44,294] [INFO] basehttp : "GET /guest_manage/ HTTP/1.1" 200 4173
[2018-06-06 15:57:44,294] [INFO] basehttp : "GET /guest_manage/ HTTP/1.1" 200 4173
[2018-06-06 16:03:12,480] [INFO] basehttp : "GET / HTTP/1.1" 200 1471
[2018-06-06 16:03:12,480] [INFO] basehttp : "GET / HTTP/1.1" 200 1471
[2018-06-06 16:03:12,586] [WARNING] basehttp : "GET /favicon.ico HTTP/1.1" 404 3478
[2018-06-06 16:03:12,586] [WARNING] basehttp : "GET /favicon.ico HTTP/1.1" 404 3478
[2018-06-06 16:03:22,826] [INFO] basehttp : "POST /login_action/ HTTP/1.1" 200 1498
[2018-06-06 16:03:22,826] [INFO] basehttp : "POST /login_action/ HTTP/1.1" 200 1498
[2018-06-06 16:03:29,896] [INFO] basehttp : "POST /login_action/ HTTP/1.1" 302 0
[2018-06-06 16:03:29,896] [INFO] basehttp : "POST /login_action/ HTTP/1.1" 302 0
[2018-06-06 16:03:29,911] [INFO] basehttp : "GET /event_manage/ HTTP/1.1" 200 5240
[2018-06-06 16:03:29,911] [INFO] basehttp : "GET /event_manage/ HTTP/1.1" 200 5240
[2018-06-06 16:03:35,927] [INFO] basehttp : "GET /search_name/?name=%E5%8F%91%E5%B8%83%E4%BC%9A HTTP/1.1" 200 4390
[2018-06-06 16:03:35,927] [INFO] basehttp : "GET /search_name/?name=%E5%8F%91%E5%B8%83%E4%BC%9A HTTP/1.1" 200 4390
[2018-06-06 16:05:37,066] [INFO] basehttp : "POST /api/add_event/ HTTP/1.1" 200 47
[2018-06-06 16:05:37,066] [INFO] basehttp : "POST /api/add_event/ HTTP/1.1" 200 47
[2018-06-06 16:05:37,076] [INFO] basehttp : "POST /api/add_event/ HTTP/1.1" 200 98
[2018-06-06 16:05:37,076] [INFO] basehttp : "POST /api/add_event/ HTTP/1.1" 200 98
[2018-06-06 16:05:37,086] [INFO] basehttp : "POST /api/add_event/ HTTP/1.1" 200 55
[2018-06-06 16:05:37,086] [INFO] basehttp : "POST /api/add_event/ HTTP/1.1" 200 55
[2018-06-06 16:05:37,096] [INFO] basehttp : "POST /api/add_event/ HTTP/1.1" 200 57
[2018-06-06 16:05:37,096] [INFO] basehttp : "POST /api/add_event/ HTTP/1.1" 200 57
[2018-06-06 16:05:37,106] [INFO] basehttp : "POST /api/add_event/ HTTP/1.1" 200 47
[2018-06-06 16:05:37,106] [INFO] basehttp : "POST /api/add_event/ HTTP/1.1" 200 47
[2018-06-06 16:05:37,116] [INFO] basehttp : "GET /api/add_guest/ HTTP/1.1" 200 47
[2018-06-06 16:05:37,116] [INFO] basehttp : "GET /api/add_guest/ HTTP/1.1" 200 47
[2018-06-06 16:05:37,126] [INFO] basehttp : "POST /api/add_guest/ HTTP/1.1" 200 45
[2018-06-06 16:05:37,126] [INFO] basehttp : "POST /api/add_guest/ HTTP/1.1" 200 45
[2018-06-06 16:05:37,136] [INFO] basehttp : "POST /api/add_guest/ HTTP/1.1" 200 52
[2018-06-06 16:05:37,136] [INFO] basehttp : "POST /api/add_guest/ HTTP/1.1" 200 52
[2018-06-06 16:05:37,156] [INFO] basehttp : "POST /api/add_guest/ HTTP/1.1" 200 49
[2018-06-06 16:05:37,156] [INFO] basehttp : "POST /api/add_guest/ HTTP/1.1" 200 49
[2018-06-06 16:05:37,166] [INFO] basehttp : "POST /api/add_guest/ HTTP/1.1" 200 61
[2018-06-06 16:05:37,166] [INFO] basehttp : "POST /api/add_guest/ HTTP/1.1" 200 61
[2018-06-06 16:05:37,186] [INFO] basehttp : "POST /api/add_guest/ HTTP/1.1" 200 49
[2018-06-06 16:05:37,186] [INFO] basehttp : "POST /api/add_guest/ HTTP/1.1" 200 49
[2018-06-06 16:05:37,206] [INFO] basehttp : "POST /api/add_guest/ HTTP/1.1" 200 49
[2018-06-06 16:05:37,206] [INFO] basehttp : "POST /api/add_guest/ HTTP/1.1" 200 49
[2018-06-06 16:05:37,226] [INFO] basehttp : "GET /api/get_event_list/?eid=901 HTTP/1.1" 200 53
[2018-06-06 16:05:37,226] [INFO] basehttp : "GET /api/get_event_list/?eid=901 HTTP/1.1" 200 53
[2018-06-06 16:05:37,236] [INFO] basehttp : "GET /api/get_event_list/?eid=1 HTTP/1.1" 200 221
[2018-06-06 16:05:37,236] [INFO] basehttp : "GET /api/get_event_list/?eid=1 HTTP/1.1" 200 221
[2018-06-06 16:05:37,246] [INFO] basehttp : "GET /api/get_event_list/?name=abc HTTP/1.1" 200 53
[2018-06-06 16:05:37,246] [INFO] basehttp : "GET /api/get_event_list/?name=abc HTTP/1.1" 200 53
[2018-06-06 16:05:37,256] [INFO] basehttp : "GET /api/get_event_list/?name=%E5%8F%91%E5%B8%83%E4%BC%9A HTTP/1.1" 200 763
[2018-06-06 16:05:37,256] [INFO] basehttp : "GET /api/get_event_list/?name=%E5%8F%91%E5%B8%83%E4%BC%9A HTTP/1.1" 200 763
[2018-06-06 16:06:32,805] [INFO] basehttp : "POST /api/add_event/ HTTP/1.1" 200 47
[2018-06-06 16:06:32,805] [INFO] basehttp : "POST /api/add_event/ HTTP/1.1" 200 47
[2018-06-06 16:06:32,815] [INFO] basehttp : "POST /api/add_event/ HTTP/1.1" 200 98
[2018-06-06 16:06:32,815] [INFO] basehttp : "POST /api/add_event/ HTTP/1.1" 200 98
[2018-06-06 16:06:32,825] [INFO] basehttp : "POST /api/add_event/ HTTP/1.1" 200 55
[2018-06-06 16:06:32,825] [INFO] basehttp : "POST /api/add_event/ HTTP/1.1" 200 55
[2018-06-06 16:06:32,835] [INFO] basehttp : "POST /api/add_event/ HTTP/1.1" 200 57
[2018-06-06 16:06:32,835] [INFO] basehttp : "POST /api/add_event/ HTTP/1.1" 200 57
[2018-06-06 16:06:32,855] [INFO] basehttp : "POST /api/add_event/ HTTP/1.1" 200 47
[2018-06-06 16:06:32,855] [INFO] basehttp : "POST /api/add_event/ HTTP/1.1" 200 47
[2018-06-06 16:06:32,855] [INFO] basehttp : "GET /api/add_guest/ HTTP/1.1" 200 47
[2018-06-06 16:06:32,855] [INFO] basehttp : "GET /api/add_guest/ HTTP/1.1" 200 47
[2018-06-06 16:06:32,865] [INFO] basehttp : "POST /api/add_guest/ HTTP/1.1" 200 45
[2018-06-06 16:06:32,865] [INFO] basehttp : "POST /api/add_guest/ HTTP/1.1" 200 45
[2018-06-06 16:06:32,875] [INFO] basehttp : "POST /api/add_guest/ HTTP/1.1" 200 52
[2018-06-06 16:06:32,875] [INFO] basehttp : "POST /api/add_guest/ HTTP/1.1" 200 52
[2018-06-06 16:06:32,895] [INFO] basehttp : "POST /api/add_guest/ HTTP/1.1" 200 49
[2018-06-06 16:06:32,895] [INFO] basehttp : "POST /api/add_guest/ HTTP/1.1" 200 49
[2018-06-06 16:06:32,905] [INFO] basehttp : "POST /api/add_guest/ HTTP/1.1" 200 61
[2018-06-06 16:06:32,905] [INFO] basehttp : "POST /api/add_guest/ HTTP/1.1" 200 61
[2018-06-06 16:06:32,915] [INFO] basehttp : "POST /api/add_guest/ HTTP/1.1" 200 49
[2018-06-06 16:06:32,915] [INFO] basehttp : "POST /api/add_guest/ HTTP/1.1" 200 49
[2018-06-06 16:06:32,935] [INFO] basehttp : "POST /api/add_guest/ HTTP/1.1" 200 49
[2018-06-06 16:06:32,935] [INFO] basehttp : "POST /api/add_guest/ HTTP/1.1" 200 49
[2018-06-06 16:06:32,945] [INFO] basehttp : "GET /api/get_event_list/?eid=901 HTTP/1.1" 200 53
[2018-06-06 16:06:32,945] [INFO] basehttp : "GET /api/get_event_list/?eid=901 HTTP/1.1" 200 53
[2018-06-06 16:06:32,955] [INFO] basehttp : "GET /api/get_event_list/?eid=1 HTTP/1.1" 200 221
[2018-06-06 16:06:32,955] [INFO] basehttp : "GET /api/get_event_list/?eid=1 HTTP/1.1" 200 221
[2018-06-06 16:06:32,965] [INFO] basehttp : "GET /api/get_event_list/?name=abc HTTP/1.1" 200 53
[2018-06-06 16:06:32,965] [INFO] basehttp : "GET /api/get_event_list/?name=abc HTTP/1.1" 200 53
[2018-06-06 16:06:32,985] [INFO] basehttp : "GET /api/get_event_list/?name=%E5%8F%91%E5%B8%83%E4%BC%9A HTTP/1.1" 200 763
[2018-06-06 16:06:32,985] [INFO] basehttp : "GET /api/get_event_list/?name=%E5%8F%91%E5%B8%83%E4%BC%9A HTTP/1.1" 200 763
[2018-06-06 16:09:07,196] [INFO] basehttp : "POST /api/add_event/ HTTP/1.1" 200 47
[2018-06-06 16:09:07,196] [INFO] basehttp : "POST /api/add_event/ HTTP/1.1" 200 47
[2018-06-06 16:09:07,219] [INFO] basehttp : "POST /api/add_event/ HTTP/1.1" 200 98
[2018-06-06 16:09:07,219] [INFO] basehttp : "POST /api/add_event/ HTTP/1.1" 200 98
[2018-06-06 16:09:07,229] [INFO] basehttp : "POST /api/add_event/ HTTP/1.1" 200 55
[2018-06-06 16:09:07,229] [INFO] basehttp : "POST /api/add_event/ HTTP/1.1" 200 55
[2018-06-06 16:09:07,240] [INFO] basehttp : "POST /api/add_event/ HTTP/1.1" 200 57
[2018-06-06 16:09:07,240] [INFO] basehttp : "POST /api/add_event/ HTTP/1.1" 200 57
[2018-06-06 16:09:07,254] [INFO] basehttp : "POST /api/add_event/ HTTP/1.1" 200 47
[2018-06-06 16:09:07,254] [INFO] basehttp : "POST /api/add_event/ HTTP/1.1" 200 47
[2018-06-06 16:09:13,773] [INFO] basehttp : "GET /api/add_guest/ HTTP/1.1" 200 47
[2018-06-06 16:09:13,773] [INFO] basehttp : "GET /api/add_guest/ HTTP/1.1" 200 47
[2018-06-06 16:09:13,782] [INFO] basehttp : "POST /api/add_guest/ HTTP/1.1" 200 45
[2018-06-06 16:09:13,782] [INFO] basehttp : "POST /api/add_guest/ HTTP/1.1" 200 45
[2018-06-06 16:09:13,805] [INFO] basehttp : "POST /api/add_guest/ HTTP/1.1" 200 52
[2018-06-06 16:09:13,805] [INFO] basehttp : "POST /api/add_guest/ HTTP/1.1" 200 52
[2018-06-06 16:09:13,819] [INFO] basehttp : "POST /api/add_guest/ HTTP/1.1" 200 49
[2018-06-06 16:09:13,819] [INFO] basehttp : "POST /api/add_guest/ HTTP/1.1" 200 49
[2018-06-06 16:09:13,843] [INFO] basehttp : "POST /api/add_guest/ HTTP/1.1" 200 61
[2018-06-06 16:09:13,843] [INFO] basehttp : "POST /api/add_guest/ HTTP/1.1" 200 61
[2018-06-06 16:09:13,856] [INFO] basehttp : "POST /api/add_guest/ HTTP/1.1" 200 49
[2018-06-06 16:09:13,856] [INFO] basehttp : "POST /api/add_guest/ HTTP/1.1" 200 49
[2018-06-06 16:09:13,870] [INFO] basehttp : "POST /api/add_guest/ HTTP/1.1" 200 49
[2018-06-06 16:09:13,870] [INFO] basehttp : "POST /api/add_guest/ HTTP/1.1" 200 49
[2018-06-06 16:09:35,815] [INFO] basehttp : "POST /api/add_event/ HTTP/1.1" 200 47
[2018-06-06 16:09:35,815] [INFO] basehttp : "POST /api/add_event/ HTTP/1.1" 200 47
[2018-06-06 16:09:35,828] [INFO] basehttp : "POST /api/add_event/ HTTP/1.1" 200 98
[2018-06-06 16:09:35,828] [INFO] basehttp : "POST /api/add_event/ HTTP/1.1" 200 98
[2018-06-06 16:09:35,839] [INFO] basehttp : "POST /api/add_event/ HTTP/1.1" 200 55
[2018-06-06 16:09:35,839] [INFO] basehttp : "POST /api/add_event/ HTTP/1.1" 200 55
[2018-06-06 16:09:35,852] [INFO] basehttp : "POST /api/add_event/ HTTP/1.1" 200 57
[2018-06-06 16:09:35,852] [INFO] basehttp : "POST /api/add_event/ HTTP/1.1" 200 57
[2018-06-06 16:09:35,863] [INFO] basehttp : "POST /api/add_event/ HTTP/1.1" 200 47
[2018-06-06 16:09:35,863] [INFO] basehttp : "POST /api/add_event/ HTTP/1.1" 200 47
[2018-06-06 16:09:35,868] [INFO] basehttp : "GET /api/add_guest/ HTTP/1.1" 200 47
[2018-06-06 16:09:35,868] [INFO] basehttp : "GET /api/add_guest/ HTTP/1.1" 200 47
[2018-06-06 16:09:35,876] [INFO] basehttp : "POST /api/add_guest/ HTTP/1.1" 200 45
[2018-06-06 16:09:35,876] [INFO] basehttp : "POST /api/add_guest/ HTTP/1.1" 200 45
[2018-06-06 16:09:35,890] [INFO] basehttp : "POST /api/add_guest/ HTTP/1.1" 200 52
[2018-06-06 16:09:35,890] [INFO] basehttp : "POST /api/add_guest/ HTTP/1.1" 200 52
[2018-06-06 16:09:35,906] [INFO] basehttp : "POST /api/add_guest/ HTTP/1.1" 200 49
[2018-06-06 16:09:35,906] [INFO] basehttp : "POST /api/add_guest/ HTTP/1.1" 200 49
[2018-06-06 16:09:35,916] [INFO] basehttp : "POST /api/add_guest/ HTTP/1.1" 200 61
[2018-06-06 16:09:35,916] [INFO] basehttp : "POST /api/add_guest/ HTTP/1.1" 200 61
[2018-06-06 16:09:35,936] [INFO] basehttp : "POST /api/add_guest/ HTTP/1.1" 200 49
[2018-06-06 16:09:35,936] [INFO] basehttp : "POST /api/add_guest/ HTTP/1.1" 200 49
[2018-06-06 16:09:35,952] [INFO] basehttp : "POST /api/add_guest/ HTTP/1.1" 200 49
[2018-06-06 16:09:35,952] [INFO] basehttp : "POST /api/add_guest/ HTTP/1.1" 200 49
[2018-06-06 16:09:35,962] [INFO] basehttp : "GET /api/get_event_list/?eid=901 HTTP/1.1" 200 53
[2018-06-06 16:09:35,962] [INFO] basehttp : "GET /api/get_event_list/?eid=901 HTTP/1.1" 200 53
[2018-06-06 16:09:35,974] [INFO] basehttp : "GET /api/get_event_list/?eid=1 HTTP/1.1" 200 221
[2018-06-06 16:09:35,974] [INFO] basehttp : "GET /api/get_event_list/?eid=1 HTTP/1.1" 200 221
[2018-06-06 16:09:35,983] [INFO] basehttp : "GET /api/get_event_list/?name=abc HTTP/1.1" 200 53
[2018-06-06 16:09:35,983] [INFO] basehttp : "GET /api/get_event_list/?name=abc HTTP/1.1" 200 53
[2018-06-06 16:09:35,994] [INFO] basehttp : "GET /api/get_event_list/?name=%E5%8F%91%E5%B8%83%E4%BC%9A HTTP/1.1" 200 763
[2018-06-06 16:09:35,994] [INFO] basehttp : "GET /api/get_event_list/?name=%E5%8F%91%E5%B8%83%E4%BC%9A HTTP/1.1" 200 763
[2018-06-06 16:38:49,769] [INFO] basehttp : "POST /api/add_event/ HTTP/1.1" 200 47
[2018-06-06 16:38:49,769] [INFO] basehttp : "POST /api/add_event/ HTTP/1.1" 200 47
[2018-06-06 16:38:49,781] [INFO] basehttp : "POST /api/add_event/ HTTP/1.1" 200 98
[2018-06-06 16:38:49,781] [INFO] basehttp : "POST /api/add_event/ HTTP/1.1" 200 98
[2018-06-06 16:38:49,800] [INFO] basehttp : "POST /api/add_event/ HTTP/1.1" 200 55
[2018-06-06 16:38:49,800] [INFO] basehttp : "POST /api/add_event/ HTTP/1.1" 200 55
[2018-06-06 16:38:49,812] [INFO] basehttp : "POST /api/add_event/ HTTP/1.1" 200 57
[2018-06-06 16:38:49,812] [INFO] basehttp : "POST /api/add_event/ HTTP/1.1" 200 57
[2018-06-06 16:38:49,834] [INFO] basehttp : "POST /api/add_event/ HTTP/1.1" 200 47
[2018-06-06 16:38:49,834] [INFO] basehttp : "POST /api/add_event/ HTTP/1.1" 200 47
[2018-06-06 16:38:49,839] [INFO] basehttp : "GET /api/add_guest/ HTTP/1.1" 200 47
[2018-06-06 16:38:49,839] [INFO] basehttp : "GET /api/add_guest/ HTTP/1.1" 200 47
[2018-06-06 16:38:49,858] [INFO] basehttp : "POST /api/add_guest/ HTTP/1.1" 200 45
[2018-06-06 16:38:49,858] [INFO] basehttp : "POST /api/add_guest/ HTTP/1.1" 200 45
[2018-06-06 16:38:49,881] [INFO] basehttp : "POST /api/add_guest/ HTTP/1.1" 200 52
[2018-06-06 16:38:49,881] [INFO] basehttp : "POST /api/add_guest/ HTTP/1.1" 200 52
[2018-06-06 16:38:49,904] [INFO] basehttp : "POST /api/add_guest/ HTTP/1.1" 200 49
[2018-06-06 16:38:49,904] [INFO] basehttp : "POST /api/add_guest/ HTTP/1.1" 200 49
[2018-06-06 16:38:49,925] [INFO] basehttp : "POST /api/add_guest/ HTTP/1.1" 200 61
[2018-06-06 16:38:49,925] [INFO] basehttp : "POST /api/add_guest/ HTTP/1.1" 200 61
[2018-06-06 16:38:49,948] [INFO] basehttp : "POST /api/add_guest/ HTTP/1.1" 200 49
[2018-06-06 16:38:49,948] [INFO] basehttp : "POST /api/add_guest/ HTTP/1.1" 200 49
[2018-06-06 16:38:49,972] [INFO] basehttp : "POST /api/add_guest/ HTTP/1.1" 200 49
[2018-06-06 16:38:49,972] [INFO] basehttp : "POST /api/add_guest/ HTTP/1.1" 200 49
[2018-06-06 16:38:49,982] [INFO] basehttp : "GET /api/get_event_list/?eid=901 HTTP/1.1" 200 53
[2018-06-06 16:38:49,982] [INFO] basehttp : "GET /api/get_event_list/?eid=901 HTTP/1.1" 200 53
[2018-06-06 16:38:49,992] [INFO] basehttp : "GET /api/get_event_list/?eid=1 HTTP/1.1" 200 221
[2018-06-06 16:38:49,992] [INFO] basehttp : "GET /api/get_event_list/?eid=1 HTTP/1.1" 200 221
[2018-06-06 16:38:50,011] [INFO] basehttp : "GET /api/get_event_list/?name=abc HTTP/1.1" 200 53
[2018-06-06 16:38:50,011] [INFO] basehttp : "GET /api/get_event_list/?name=abc HTTP/1.1" 200 53
[2018-06-06 16:38:50,040] [INFO] basehttp : "GET /api/get_event_list/?name=%E5%8F%91%E5%B8%83%E4%BC%9A HTTP/1.1" 200 763
[2018-06-06 16:38:50,040] [INFO] basehttp : "GET /api/get_event_list/?name=%E5%8F%91%E5%B8%83%E4%BC%9A HTTP/1.1" 200 763
[2018-06-06 16:39:06,193] [INFO] basehttp : "POST /api/add_event/ HTTP/1.1" 200 47
[2018-06-06 16:39:06,193] [INFO] basehttp : "POST /api/add_event/ HTTP/1.1" 200 47
[2018-06-06 16:39:06,205] [INFO] basehttp : "POST /api/add_event/ HTTP/1.1" 200 98
[2018-06-06 16:39:06,205] [INFO] basehttp : "POST /api/add_event/ HTTP/1.1" 200 98
[2018-06-06 16:39:06,215] [INFO] basehttp : "POST /api/add_event/ HTTP/1.1" 200 55
[2018-06-06 16:39:06,215] [INFO] basehttp : "POST /api/add_event/ HTTP/1.1" 200 55
[2018-06-06 16:39:06,227] [INFO] basehttp : "POST /api/add_event/ HTTP/1.1" 200 57
[2018-06-06 16:39:06,227] [INFO] basehttp : "POST /api/add_event/ HTTP/1.1" 200 57
[2018-06-06 16:39:06,239] [INFO] basehttp : "POST /api/add_event/ HTTP/1.1" 200 47
[2018-06-06 16:39:06,239] [INFO] basehttp : "POST /api/add_event/ HTTP/1.1" 200 47
[2018-06-06 16:39:06,244] [INFO] basehttp : "GET /api/add_guest/ HTTP/1.1" 200 47
[2018-06-06 16:39:06,244] [INFO] basehttp : "GET /api/add_guest/ HTTP/1.1" 200 47
[2018-06-06 16:39:06,254] [INFO] basehttp : "POST /api/add_guest/ HTTP/1.1" 200 45
[2018-06-06 16:39:06,254] [INFO] basehttp : "POST /api/add_guest/ HTTP/1.1" 200 45
[2018-06-06 16:39:06,277] [INFO] basehttp : "POST /api/add_guest/ HTTP/1.1" 200 52
[2018-06-06 16:39:06,277] [INFO] basehttp : "POST /api/add_guest/ HTTP/1.1" 200 52
[2018-06-06 16:39:06,289] [INFO] basehttp : "POST /api/add_guest/ HTTP/1.1" 200 61
[2018-06-06 16:39:06,289] [INFO] basehttp : "POST /api/add_guest/ HTTP/1.1" 200 61
[2018-06-06 16:39:06,304] [INFO] basehttp : "POST /api/add_guest/ HTTP/1.1" 200 49
[2018-06-06 16:39:06,304] [INFO] basehttp : "POST /api/add_guest/ HTTP/1.1" 200 49
[2018-06-06 16:39:06,314] [INFO] basehttp : "GET /api/get_event_list/?eid=901 HTTP/1.1" 200 53
[2018-06-06 16:39:06,314] [INFO] basehttp : "GET /api/get_event_list/?eid=901 HTTP/1.1" 200 53
[2018-06-06 16:39:06,324] [INFO] basehttp : "GET /api/get_event_list/?eid=1 HTTP/1.1" 200 221
[2018-06-06 16:39:06,324] [INFO] basehttp : "GET /api/get_event_list/?eid=1 HTTP/1.1" 200 221
[2018-06-06 16:39:06,343] [INFO] basehttp : "GET /api/get_event_list/?name=abc HTTP/1.1" 200 53
[2018-06-06 16:39:06,343] [INFO] basehttp : "GET /api/get_event_list/?name=abc HTTP/1.1" 200 53
[2018-06-06 16:39:06,353] [INFO] basehttp : "GET /api/get_event_list/?name=%E5%8F%91%E5%B8%83%E4%BC%9A HTTP/1.1" 200 763
[2018-06-06 16:39:06,353] [INFO] basehttp : "GET /api/get_event_list/?name=%E5%8F%91%E5%B8%83%E4%BC%9A HTTP/1.1" 200 763
[2018-06-06 16:40:40,167] [INFO] basehttp : "POST /api/add_event/ HTTP/1.1" 200 47
[2018-06-06 16:40:40,167] [INFO] basehttp : "POST /api/add_event/ HTTP/1.1" 200 47
[2018-06-06 16:40:40,190] [INFO] basehttp : "POST /api/add_event/ HTTP/1.1" 200 98
[2018-06-06 16:40:40,190] [INFO] basehttp : "POST /api/add_event/ HTTP/1.1" 200 98
[2018-06-06 16:40:40,201] [INFO] basehttp : "POST /api/add_event/ HTTP/1.1" 200 55
[2018-06-06 16:40:40,201] [INFO] basehttp : "POST /api/add_event/ HTTP/1.1" 200 55
[2018-06-06 16:40:40,213] [INFO] basehttp : "POST /api/add_event/ HTTP/1.1" 200 57
[2018-06-06 16:40:40,213] [INFO] basehttp : "POST /api/add_event/ HTTP/1.1" 200 57
[2018-06-06 16:40:40,228] [INFO] basehttp : "POST /api/add_event/ HTTP/1.1" 200 47
[2018-06-06 16:40:40,228] [INFO] basehttp : "POST /api/add_event/ HTTP/1.1" 200 47
[2018-06-06 16:40:40,234] [INFO] basehttp : "GET /api/add_guest/ HTTP/1.1" 200 47
[2018-06-06 16:40:40,234] [INFO] basehttp : "GET /api/add_guest/ HTTP/1.1" 200 47
[2018-06-06 16:40:40,254] [INFO] basehttp : "POST /api/add_guest/ HTTP/1.1" 200 45
[2018-06-06 16:40:40,254] [INFO] basehttp : "POST /api/add_guest/ HTTP/1.1" 200 45
[2018-06-06 16:40:40,271] [INFO] basehttp : "POST /api/add_guest/ HTTP/1.1" 200 52
[2018-06-06 16:40:40,271] [INFO] basehttp : "POST /api/add_guest/ HTTP/1.1" 200 52
[2018-06-06 16:40:40,293] [INFO] basehttp : "POST /api/add_guest/ HTTP/1.1" 200 61
[2018-06-06 16:40:40,293] [INFO] basehttp : "POST /api/add_guest/ HTTP/1.1" 200 61
[2018-06-06 16:40:40,310] [INFO] basehttp : "POST /api/add_guest/ HTTP/1.1" 200 49
[2018-06-06 16:40:40,310] [INFO] basehttp : "POST /api/add_guest/ HTTP/1.1" 200 49
[2018-06-06 16:40:40,320] [INFO] basehttp : "GET /api/get_event_list/?eid=901 HTTP/1.1" 200 53
[2018-06-06 16:40:40,320] [INFO] basehttp : "GET /api/get_event_list/?eid=901 HTTP/1.1" 200 53
[2018-06-06 16:40:40,330] [INFO] basehttp : "GET /api/get_event_list/?eid=1 HTTP/1.1" 200 221
[2018-06-06 16:40:40,330] [INFO] basehttp : "GET /api/get_event_list/?eid=1 HTTP/1.1" 200 221
[2018-06-06 16:40:40,340] [INFO] basehttp : "GET /api/get_event_list/?name=abc HTTP/1.1" 200 53
[2018-06-06 16:40:40,340] [INFO] basehttp : "GET /api/get_event_list/?name=abc HTTP/1.1" 200 53
[2018-06-06 16:40:40,359] [INFO] basehttp : "GET /api/get_event_list/?name=%E5%8F%91%E5%B8%83%E4%BC%9A HTTP/1.1" 200 763
[2018-06-06 16:40:40,359] [INFO] basehttp : "GET /api/get_event_list/?name=%E5%8F%91%E5%B8%83%E4%BC%9A HTTP/1.1" 200 763
[2018-06-06 16:40:47,460] [INFO] basehttp : "GET /api/get_event_list/?eid=901 HTTP/1.1" 200 53
[2018-06-06 16:40:47,460] [INFO] basehttp : "GET /api/get_event_list/?eid=901 HTTP/1.1" 200 53
[2018-06-06 16:40:47,476] [INFO] basehttp : "GET /api/get_event_list/?eid=1 HTTP/1.1" 200 221
[2018-06-06 16:40:47,476] [INFO] basehttp : "GET /api/get_event_list/?eid=1 HTTP/1.1" 200 221
[2018-06-06 16:40:47,495] [INFO] basehttp : "GET /api/get_event_list/?name=abc HTTP/1.1" 200 53
[2018-06-06 16:40:47,495] [INFO] basehttp : "GET /api/get_event_list/?name=abc HTTP/1.1" 200 53
[2018-06-06 16:40:47,512] [INFO] basehttp : "GET /api/get_event_list/?name=%E5%8F%91%E5%B8%83%E4%BC%9A HTTP/1.1" 200 588
[2018-06-06 16:40:47,512] [INFO] basehttp : "GET /api/get_event_list/?name=%E5%8F%91%E5%B8%83%E4%BC%9A HTTP/1.1" 200 588
[2018-06-06 16:41:03,947] [INFO] basehttp : "GET /api/get_event_list/?eid=901 HTTP/1.1" 200 53
[2018-06-06 16:41:03,947] [INFO] basehttp : "GET /api/get_event_list/?eid=901 HTTP/1.1" 200 53
[2018-06-06 16:41:03,970] [INFO] basehttp : "GET /api/get_event_list/?eid=1 HTTP/1.1" 200 221
[2018-06-06 16:41:03,970] [INFO] basehttp : "GET /api/get_event_list/?eid=1 HTTP/1.1" 200 221
[2018-06-06 16:41:03,983] [INFO] basehttp : "GET /api/get_event_list/?name=abc HTTP/1.1" 200 53
[2018-06-06 16:41:03,983] [INFO] basehttp : "GET /api/get_event_list/?name=abc HTTP/1.1" 200 53
[2018-06-06 16:41:04,006] [INFO] basehttp : "GET /api/get_event_list/?name=%E5%8F%91%E5%B8%83%E4%BC%9A HTTP/1.1" 200 588
[2018-06-06 16:41:04,006] [INFO] basehttp : "GET /api/get_event_list/?name=%E5%8F%91%E5%B8%83%E4%BC%9A HTTP/1.1" 200 588
[2018-06-06 16:41:33,291] [INFO] basehttp : "GET /api/get_event_list/?eid=901 HTTP/1.1" 200 53
[2018-06-06 16:41:33,291] [INFO] basehttp : "GET /api/get_event_list/?eid=901 HTTP/1.1" 200 53
[2018-06-06 16:41:33,303] [INFO] basehttp : "GET /api/get_event_list/?eid=1 HTTP/1.1" 200 221
[2018-06-06 16:41:33,303] [INFO] basehttp : "GET /api/get_event_list/?eid=1 HTTP/1.1" 200 221
[2018-06-06 16:41:33,314] [INFO] basehttp : "GET /api/get_event_list/?name=abc HTTP/1.1" 200 53
[2018-06-06 16:41:33,314] [INFO] basehttp : "GET /api/get_event_list/?name=abc HTTP/1.1" 200 53
[2018-06-06 16:41:33,336] [INFO] basehttp : "GET /api/get_event_list/?name=%E5%8F%91%E5%B8%83%E4%BC%9A HTTP/1.1" 200 588
[2018-06-06 16:41:33,336] [INFO] basehttp : "GET /api/get_event_list/?name=%E5%8F%91%E5%B8%83%E4%BC%9A HTTP/1.1" 200 588
[2018-06-06 16:45:14,123] [INFO] basehttp : "GET /api/add_guest/ HTTP/1.1" 200 47
[2018-06-06 16:45:14,123] [INFO] basehttp : "GET /api/add_guest/ HTTP/1.1" 200 47
[2018-06-06 16:45:14,134] [INFO] basehttp : "POST /api/add_guest/ HTTP/1.1" 200 45
[2018-06-06 16:45:14,134] [INFO] basehttp : "POST /api/add_guest/ HTTP/1.1" 200 45
[2018-06-06 16:45:14,157] [INFO] basehttp : "POST /api/add_guest/ HTTP/1.1" 200 52
[2018-06-06 16:45:14,157] [INFO] basehttp : "POST /api/add_guest/ HTTP/1.1" 200 52
[2018-06-06 16:45:14,180] [INFO] basehttp : "POST /api/add_guest/ HTTP/1.1" 200 61
[2018-06-06 16:45:14,180] [INFO] basehttp : "POST /api/add_guest/ HTTP/1.1" 200 61
[2018-06-06 16:45:14,205] [INFO] basehttp : "POST /api/add_guest/ HTTP/1.1" 200 49
[2018-06-06 16:45:14,205] [INFO] basehttp : "POST /api/add_guest/ HTTP/1.1" 200 49
[2018-06-06 16:46:12,338] [INFO] basehttp : "GET /api/get_event_list/ HTTP/1.1" 200 47
[2018-06-06 16:46:12,338] [INFO] basehttp : "GET /api/get_event_list/ HTTP/1.1" 200 47
[2018-06-07 11:01:55,735] [INFO] basehttp : "GET / HTTP/1.1" 200 1471
[2018-06-07 11:01:55,735] [INFO] basehttp : "GET / HTTP/1.1" 200 1471
[2018-06-07 11:01:55,887] [WARNING] basehttp : "GET /favicon.ico HTTP/1.1" 404 3478
[2018-06-07 11:01:55,887] [WARNING] basehttp : "GET /favicon.ico HTTP/1.1" 404 3478
[2018-06-07 11:08:45,351] [INFO] basehttp : "POST /api/add_event/ HTTP/1.1" 200 47
[2018-06-07 11:08:45,351] [INFO] basehttp : "POST /api/add_event/ HTTP/1.1" 200 47
[2018-06-07 11:08:45,373] [INFO] basehttp : "POST /api/add_event/ HTTP/1.1" 200 98
[2018-06-07 11:08:45,373] [INFO] basehttp : "POST /api/add_event/ HTTP/1.1" 200 98
[2018-06-07 11:08:45,382] [INFO] basehttp : "POST /api/add_event/ HTTP/1.1" 200 55
[2018-06-07 11:08:45,382] [INFO] basehttp : "POST /api/add_event/ HTTP/1.1" 200 55
[2018-06-07 11:08:45,393] [INFO] basehttp : "POST /api/add_event/ HTTP/1.1" 200 57
[2018-06-07 11:08:45,393] [INFO] basehttp : "POST /api/add_event/ HTTP/1.1" 200 57
[2018-06-07 11:08:45,414] [INFO] basehttp : "POST /api/add_event/ HTTP/1.1" 200 47
[2018-06-07 11:08:45,414] [INFO] basehttp : "POST /api/add_event/ HTTP/1.1" 200 47
[2018-06-07 11:11:20,512] [INFO] basehttp : "POST /api/add_event/ HTTP/1.1" 200 47
[2018-06-07 11:11:20,512] [INFO] basehttp : "POST /api/add_event/ HTTP/1.1" 200 47
[2018-06-07 11:11:20,517] [INFO] basehttp : "POST /api/add_event/ HTTP/1.1" 200 47
[2018-06-07 11:11:20,517] [INFO] basehttp : "POST /api/add_event/ HTTP/1.1" 200 47
